[debug] [2025-07-08T10:50:13.541Z] ----------------------------------------------------------------------
[debug] [2025-07-08T10:50:13.543Z] Command:       /Users/mercidez/.nvm/versions/node/v23.4.0/bin/node /Users/mercidez/.nvm/versions/node/v23.4.0/bin/firebase emulators:start --only functions --debug
[debug] [2025-07-08T10:50:13.543Z] CLI Version:   14.9.0
[debug] [2025-07-08T10:50:13.543Z] Platform:      darwin
[debug] [2025-07-08T10:50:13.543Z] Node Version:  v23.4.0
[debug] [2025-07-08T10:50:13.543Z] Time:          Tue Jul 08 2025 17:50:13 GMT+0700 (Indochina Time)
[debug] [2025-07-08T10:50:13.543Z] ----------------------------------------------------------------------
[debug] 
[debug] [2025-07-08T10:50:13.649Z] > command requires scopes: ["email","openid","https://www.googleapis.com/auth/cloudplatformprojects.readonly","https://www.googleapis.com/auth/firebase","https://www.googleapis.com/auth/cloud-platform"]
[debug] [2025-07-08T10:50:13.649Z] > authorizing via signed-in user (benz@scoutout.net)
[info] i  emulators: Starting emulators: functions {"metadata":{"emulator":{"name":"hub"},"message":"Starting emulators: functions"}}
[debug] [2025-07-08T10:50:13.830Z] [logging] Logging Emulator only supports listening on one address (127.0.0.1). Not listening on ::1
[debug] [2025-07-08T10:50:13.831Z] assigned listening specs for emulators {"user":{"hub":[{"address":"127.0.0.1","family":"IPv4","port":4400},{"address":"::1","family":"IPv6","port":4400}],"ui":[{"address":"127.0.0.1","family":"IPv4","port":4000},{"address":"::1","family":"IPv6","port":4000}],"logging":[{"address":"127.0.0.1","family":"IPv4","port":4500}]},"metadata":{"message":"assigned listening specs for emulators"}}
[debug] [2025-07-08T10:50:13.833Z] [hub] writing locator at /var/folders/yl/kgfx3n717yjck87fh78wyv_40000gn/T/hub-scoutout-mang-test-e17bf.json
[debug] [2025-07-08T10:50:14.015Z] [functions] Functions Emulator only supports listening on one address (127.0.0.1). Not listening on ::1
[debug] [2025-07-08T10:50:14.015Z] [eventarc] Eventarc Emulator only supports listening on one address (127.0.0.1). Not listening on ::1
[debug] [2025-07-08T10:50:14.016Z] [tasks] Cloud Tasks Emulator only supports listening on one address (127.0.0.1). Not listening on ::1
[debug] [2025-07-08T10:50:14.016Z] late-assigned ports for functions and eventarc emulators {"user":{"hub":[{"address":"127.0.0.1","family":"IPv4","port":4400},{"address":"::1","family":"IPv6","port":4400}],"ui":[{"address":"127.0.0.1","family":"IPv4","port":4000},{"address":"::1","family":"IPv6","port":4000}],"logging":[{"address":"127.0.0.1","family":"IPv4","port":4500}],"functions":[{"address":"127.0.0.1","family":"IPv4","port":5001}],"eventarc":[{"address":"127.0.0.1","family":"IPv4","port":9299}],"tasks":[{"address":"127.0.0.1","family":"IPv4","port":9499}]},"metadata":{"message":"late-assigned ports for functions and eventarc emulators"}}
[warn] ⚠  functions: The following emulators are not running, calls to these services from the Functions emulator will affect production: apphosting, auth, firestore, database, hosting, pubsub, storage, dataconnect {"metadata":{"emulator":{"name":"functions"},"message":"The following emulators are not running, calls to these services from the Functions emulator will affect production: \u001b[1mapphosting, auth, firestore, database, hosting, pubsub, storage, dataconnect\u001b[22m"}}
[debug] [2025-07-08T10:50:14.021Z] defaultcredentials: writing to file /Users/mercidez/.config/firebase/benz_scoutout_net_application_default_credentials.json
[debug] [2025-07-08T10:50:14.022Z] Setting GAC to /Users/mercidez/.config/firebase/benz_scoutout_net_application_default_credentials.json {"metadata":{"emulator":{"name":"functions"},"message":"Setting GAC to /Users/mercidez/.config/firebase/benz_scoutout_net_application_default_credentials.json"}}
[debug] [2025-07-08T10:50:14.022Z] Checked if tokens are valid: true, expires at: 1751974140757
[debug] [2025-07-08T10:50:14.022Z] Checked if tokens are valid: true, expires at: 1751974140757
[debug] [2025-07-08T10:50:14.023Z] >>> [apiv2][query] GET https://firebase.googleapis.com/v1beta1/projects/scoutout-mang-test-e17bf/adminSdkConfig [none]
[debug] [2025-07-08T10:50:15.035Z] <<< [apiv2][status] GET https://firebase.googleapis.com/v1beta1/projects/scoutout-mang-test-e17bf/adminSdkConfig 200
[debug] [2025-07-08T10:50:15.035Z] <<< [apiv2][body] GET https://firebase.googleapis.com/v1beta1/projects/scoutout-mang-test-e17bf/adminSdkConfig {"projectId":"scoutout-mang-test-e17bf","databaseURL":"https://scoutout-mang-test-e17bf.firebaseio.com","storageBucket":"scoutout-mang-test-e17bf.appspot.com","locationId":"asia-northeast1"}
[info] i  functions: Watching "/Users/mercidez/Documents/GitHub/Health-Expense-Reimbursement/backend/functions" for Cloud Functions... {"metadata":{"emulator":{"name":"functions"},"message":"Watching \"/Users/mercidez/Documents/GitHub/Health-Expense-Reimbursement/backend/functions\" for Cloud Functions..."}}
[debug] [2025-07-08T10:50:15.057Z] Validating nodejs source
[warn] ⚠  functions: package.json indicates an outdated version of firebase-functions. Please upgrade using npm install --save firebase-functions@latest in your functions directory. 
[warn] ⚠  functions: Please note that there will be breaking changes when you upgrade. 
[debug] [2025-07-08T10:50:15.573Z] > [functions] package.json contents: {
  "name": "health-expense-functions",
  "version": "1.0.0",
  "description": "Firebase Cloud Functions for Health Expense Reimbursement System",
  "main": "index.js",
  "engines": {
    "node": "18"
  },
  "scripts": {
    "serve": "firebase emulators:start --only functions",
    "shell": "firebase functions:shell",
    "start": "npm run shell",
    "deploy": "firebase deploy --only functions",
    "logs": "firebase functions:log"
  },
  "dependencies": {
    "express": "^4.18.2",
    "cors": "^2.8.5",
    "dotenv": "^16.3.1",
    "firebase-admin": "^12.0.0",
    "firebase-functions": "^4.5.0",
    "multer": "^1.4.5-lts.1"
  },
  "devDependencies": {
    "firebase-functions-test": "^3.1.0"
  },
  "private": true
}
[debug] [2025-07-08T10:50:15.573Z] Building nodejs source
[debug] [2025-07-08T10:50:15.573Z] Failed to find version of module node: reached end of search path /Users/mercidez/Documents/GitHub/Health-Expense-Reimbursement/backend/functions/node_modules
[warn] ⚠  functions: Your requested "node" version "18" doesn't match your global version "23". Using node@23 from host. 
[info] i  functions: You are using a version of firebase-functions SDK (4.9.0) that does not have support for the newest Firebase Extensions features. Please update firebase-functions SDK to >=5.1.0 to use them correctly 
[debug] [2025-07-08T10:50:15.574Z] Could not find functions.yaml. Must use http discovery
[debug] [2025-07-08T10:50:15.578Z] Found firebase-functions binary at '/Users/mercidez/Documents/GitHub/Health-Expense-Reimbursement/backend/functions/node_modules/.bin/firebase-functions'
[info] Serving at port 8256

[debug] [2025-07-08T10:50:15.908Z] Got response from /__/functions.yaml {"endpoints":{"api":{"platform":"gcfv1","availableMemoryMb":null,"timeoutSeconds":null,"minInstances":null,"maxInstances":null,"ingressSettings":null,"serviceAccountEmail":null,"vpc":null,"region":["asia-southeast1"],"httpsTrigger":{},"entryPoint":"api"}},"specVersion":"v1alpha1","requiredAPIs":[]}
[info] ✔  functions: Loaded functions definitions from source: api. {"metadata":{"emulator":{"name":"functions"},"message":"Loaded functions definitions from source: api."}}
[info] ✔  functions[asia-southeast1-api]: http function initialized (http://127.0.0.1:5001/scoutout-mang-test-e17bf/asia-southeast1/api). {"metadata":{"emulator":{"name":"functions"},"message":"\u001b[1mhttp\u001b[22m function initialized (http://127.0.0.1:5001/scoutout-mang-test-e17bf/asia-southeast1/api)."}}
[debug] [2025-07-08T10:50:19.929Z] Could not find VSCode notification endpoint: FetchError: request to http://localhost:40001/vscode/notify failed, reason: . If you are not running the Firebase Data Connect VSCode extension, this is expected and not an issue.
[info] 
┌─────────────────────────────────────────────────────────────┐
│ ✔  All emulators ready! It is now safe to connect your app. │
│ i  View Emulator UI at http://127.0.0.1:4000/               │
└─────────────────────────────────────────────────────────────┘

┌───────────┬────────────────┬─────────────────────────────────┐
│ Emulator  │ Host:Port      │ View in Emulator UI             │
├───────────┼────────────────┼─────────────────────────────────┤
│ Functions │ 127.0.0.1:5001 │ http://127.0.0.1:4000/functions │
└───────────┴────────────────┴─────────────────────────────────┘
  Emulator Hub host: 127.0.0.1 port: 4400
  Other reserved ports: 4500

Issues? Report them at https://github.com/firebase/firebase-tools/issues and attach the *-debug.log files.
 
[debug] [2025-07-08T10:51:25.927Z] Received signal SIGINT (Ctrl-C) 1
[info]  
[info] i  emulators: Received SIGINT (Ctrl-C) for the first time. Starting a clean shutdown. 
[info] i  emulators: Please wait for a clean shutdown or send the SIGINT (Ctrl-C) signal again to stop right now. 
[info] i  emulators: Shutting down emulators. {"metadata":{"emulator":{"name":"hub"},"message":"Shutting down emulators."}}
[info] i  ui: Stopping Emulator UI {"metadata":{"emulator":{"name":"ui"},"message":"Stopping Emulator UI"}}
[info] i  functions: Stopping Functions Emulator {"metadata":{"emulator":{"name":"functions"},"message":"Stopping Functions Emulator"}}
[info] i  eventarc: Stopping Eventarc Emulator {"metadata":{"emulator":{"name":"eventarc"},"message":"Stopping Eventarc Emulator"}}
[info] i  tasks: Stopping Cloud Tasks Emulator {"metadata":{"emulator":{"name":"tasks"},"message":"Stopping Cloud Tasks Emulator"}}
[info] i  hub: Stopping emulator hub {"metadata":{"emulator":{"name":"hub"},"message":"Stopping emulator hub"}}
[info] i  logging: Stopping Logging Emulator {"metadata":{"emulator":{"name":"logging"},"message":"Stopping Logging Emulator"}}
[debug] [2025-07-08T10:51:25.932Z] Could not find VSCode notification endpoint: FetchError: request to http://localhost:40001/vscode/notify failed, reason: . If you are not running the Firebase Data Connect VSCode extension, this is expected and not an issue.
